<?xml version="1.0" encoding="UTF-8"?>
<!-- Generated by org.testng.reporters.JUnitReportReporter -->
<testsuite skipped="0" hostname="DESKTOP-CO33Q0N" name="runner.TestRunner" tests="4" failures="0" timestamp="24 Mar 2023 18:54:58 GMT" time="23.261" errors="0">
  <testcase name="runScenario" time="8.231" classname="runner.TestRunner"/>
  <testcase name="runScenario" time="5.697" classname="runner.TestRunner"/>
  <testcase name="runScenario" time="4.679" classname="runner.TestRunner"/>
  <testcase name="runScenario" time="4.654" classname="runner.TestRunner"/>
</testsuite> <!-- runner.TestRunner -->
