<?xml version="1.0" encoding="UTF-8"?>
<!-- Generated by org.testng.reporters.JUnitReportReporter -->
<testsuite skipped="0" hostname="DESKTOP-CO33Q0N" name="runner.TestRunner" tests="3" failures="0" timestamp="19 Mar 2023 08:31:15 GMT" time="18.037" errors="0">
  <testcase name="runScenario" time="5.491" classname="runner.TestRunner"/>
  <testcase name="runScenario" time="4.642" classname="runner.TestRunner"/>
  <testcase name="runScenario" time="7.904" classname="runner.TestRunner"/>
</testsuite> <!-- runner.TestRunner -->
