<?xml version="1.0" encoding="UTF-8"?>
<!-- Generated by org.testng.reporters.JUnitReportReporter -->
<testsuite skipped="0" hostname="DESKTOP-CO33Q0N" name="runner.TestRunner" tests="4" failures="0" timestamp="25 Mar 2023 19:05:49 GMT" time="26.068" errors="0">
  <testcase name="runScenario" time="5.463" classname="runner.TestRunner"/>
  <testcase name="runScenario" time="5.801" classname="runner.TestRunner"/>
  <testcase name="runScenario" time="9.216" classname="runner.TestRunner"/>
  <testcase name="runScenario" time="5.588" classname="runner.TestRunner"/>
</testsuite> <!-- runner.TestRunner -->
