<?xml version="1.0" encoding="UTF-8"?>
<!-- Generated by org.testng.reporters.JUnitReportReporter -->
<testsuite skipped="0" hostname="DESKTOP-CO33Q0N" name="runner.TestRunner" tests="3" failures="0" timestamp="19 Mar 2023 07:47:49 GMT" time="18.380" errors="0">
  <testcase name="runScenario" time="5.601" classname="runner.TestRunner"/>
  <testcase name="runScenario" time="4.742" classname="runner.TestRunner"/>
  <testcase name="runScenario" time="8.037" classname="runner.TestRunner"/>
</testsuite> <!-- runner.TestRunner -->
