<?xml version="1.0" encoding="UTF-8"?>
<!-- Generated by org.testng.reporters.JUnitReportReporter -->
<testsuite skipped="0" hostname="DESKTOP-CO33Q0N" name="runner.TestRunner" tests="2" failures="1" timestamp="14 Mar 2023 18:45:34 GMT" time="14.570" errors="0">
  <testcase name="runScenario" time="5.567" classname="runner.TestRunner">
    <failure type="java.lang.AssertionError" message="expected [Your Order is onfirmed!!] but found [Your Order is Confirmed!!]">
      <![CDATA[java.lang.AssertionError: expected [Your Order is onfirmed!!] but found [Your Order is Confirmed!!]
at org.testng.Assert.fail(Assert.java:96)
at org.testng.Assert.failNotEquals(Assert.java:776)
at org.testng.Assert.assertEqualsImpl(Assert.java:137)
at org.testng.Assert.assertEquals(Assert.java:118)
at org.testng.Assert.assertEquals(Assert.java:453)
at org.testng.Assert.assertEquals(Assert.java:463)
at stepsDefs.PurchaseProduct.message_should_be_displayed(PurchaseProduct.java:68)
at âœ½."Your Order is onfirmed!!" message should be displayed(file:///C:/Users/admin/eclipse-workspace/CapstoneProject/src/test/java/features/medicare.feature:24)
]]>
    </failure>
  </testcase> <!-- runScenario -->
  <testcase name="runScenario" time="9.003" classname="runner.TestRunner"/>
</testsuite> <!-- runner.TestRunner -->
