<?xml version="1.0" encoding="UTF-8"?>
<!-- Generated by org.testng.reporters.JUnitReportReporter -->
<testsuite skipped="0" hostname="DESKTOP-CO33Q0N" name="runner.TestRunner" tests="2" failures="0" timestamp="13 Mar 2023 19:15:13 GMT" time="13.298" errors="0">
  <testcase name="runScenario" time="5.310" classname="runner.TestRunner"/>
  <testcase name="runScenario" time="7.988" classname="runner.TestRunner"/>
</testsuite> <!-- runner.TestRunner -->
