<?xml version="1.0" encoding="UTF-8"?>
<!-- Generated by org.testng.reporters.JUnitReportReporter -->
<testsuite skipped="0" hostname="DESKTOP-CO33Q0N" name="runner.TestRunner" tests="4" failures="0" timestamp="25 Mar 2023 18:06:09 GMT" time="23.477" errors="0">
  <testcase name="runScenario" time="5.142" classname="runner.TestRunner"/>
  <testcase name="runScenario" time="8.178" classname="runner.TestRunner"/>
  <testcase name="runScenario" time="5.575" classname="runner.TestRunner"/>
  <testcase name="runScenario" time="4.582" classname="runner.TestRunner"/>
</testsuite> <!-- runner.TestRunner -->
